mode: set
assessment/adapter/registry/sorter_registry.go:16.42,20.2 1 0
assessment/adapter/registry/sorter_registry.go:23.64,28.2 3 0
assessment/adapter/registry/sorter_registry.go:31.72,37.2 4 0
assessment/adapter/registry/sorter_registry.go:40.59,45.35 4 0
assessment/adapter/registry/sorter_registry.go:45.35,47.3 1 0
assessment/adapter/registry/sorter_registry.go:49.2,49.16 1 0
assessment/adapter/registry/sorter_registry.go:53.61,58.12 4 0
assessment/adapter/registry/sorter_registry.go:58.12,61.3 2 0
assessment/adapter/registry/sorter_registry.go:63.2,63.14 1 0
assessment/adapter/sorter/date_sorter.go:15.48,19.2 1 0
assessment/adapter/sorter/date_sorter.go:22.73,27.41 2 0
assessment/adapter/sorter/date_sorter.go:27.41,28.18 1 0
assessment/adapter/sorter/date_sorter.go:28.18,30.4 1 0
assessment/adapter/sorter/date_sorter.go:31.3,31.52 1 0
assessment/adapter/sorter/date_sorter.go:34.2,34.15 1 0
assessment/adapter/sorter/date_sorter.go:38.36,39.17 1 0
assessment/adapter/sorter/date_sorter.go:39.17,41.3 1 0
assessment/adapter/sorter/date_sorter.go:42.2,42.37 1 0
assessment/adapter/sorter/name_sorter.go:16.48,20.2 1 0
assessment/adapter/sorter/name_sorter.go:23.73,28.41 2 0
assessment/adapter/sorter/name_sorter.go:28.41,29.18 1 0
assessment/adapter/sorter/name_sorter.go:29.18,31.4 1 0
assessment/adapter/sorter/name_sorter.go:32.3,32.75 1 0
assessment/adapter/sorter/name_sorter.go:35.2,35.15 1 0
assessment/adapter/sorter/name_sorter.go:39.36,40.17 1 0
assessment/adapter/sorter/name_sorter.go:40.17,42.3 1 0
assessment/adapter/sorter/name_sorter.go:43.2,43.28 1 0
assessment/adapter/sorter/price_sorter.go:15.50,19.2 1 0
assessment/adapter/sorter/price_sorter.go:22.74,27.41 2 0
assessment/adapter/sorter/price_sorter.go:27.41,28.18 1 0
assessment/adapter/sorter/price_sorter.go:28.18,30.4 1 0
assessment/adapter/sorter/price_sorter.go:31.3,31.43 1 0
assessment/adapter/sorter/price_sorter.go:34.2,34.15 1 0
assessment/adapter/sorter/price_sorter.go:38.37,39.17 1 0
assessment/adapter/sorter/price_sorter.go:39.17,41.3 1 0
assessment/adapter/sorter/price_sorter.go:42.2,42.29 1 0
assessment/adapter/sorter/sales_per_view_sorter.go:15.64,19.2 1 0
assessment/adapter/sorter/sales_per_view_sorter.go:22.81,27.41 2 0
assessment/adapter/sorter/sales_per_view_sorter.go:27.41,32.18 3 0
assessment/adapter/sorter/sales_per_view_sorter.go:32.18,34.4 1 0
assessment/adapter/sorter/sales_per_view_sorter.go:35.3,35.21 1 0
assessment/adapter/sorter/sales_per_view_sorter.go:38.2,38.15 1 0
assessment/adapter/sorter/sales_per_view_sorter.go:42.54,43.23 1 0
assessment/adapter/sorter/sales_per_view_sorter.go:43.23,45.3 1 0
assessment/adapter/sorter/sales_per_view_sorter.go:46.2,46.54 1 0
assessment/adapter/sorter/sales_per_view_sorter.go:50.44,51.17 1 0
assessment/adapter/sorter/sales_per_view_sorter.go:51.17,53.3 1 0
assessment/adapter/sorter/sales_per_view_sorter.go:54.2,54.38 1 0
assessment/adapter/sorter/sorter_initializer.go:9.84,25.2 8 0
assessment/domain/model/product.go:22.51,24.2 1 0
assessment/domain/model/product.go:27.43,29.23 2 0
assessment/domain/model/product.go:29.23,39.3 1 0
assessment/domain/model/product.go:40.2,40.15 1 0
assessment/domain/model/product.go:44.35,46.22 2 0
assessment/domain/model/product.go:46.22,48.3 1 0
assessment/domain/model/product.go:49.2,50.71 1 0
assessment/infrastructure/config/config.go:18.26,23.2 1 0
assessment/infrastructure/config/config.go:26.54,29.16 2 0
assessment/infrastructure/config/config.go:29.16,31.3 1 0
assessment/infrastructure/config/config.go:32.2,36.26 3 0
assessment/infrastructure/config/config.go:40.52,43.16 2 0
assessment/infrastructure/config/config.go:43.16,45.3 1 0
assessment/infrastructure/config/config.go:46.2,51.26 4 0
assessment/infrastructure/persistence/memory_repo.go:16.64,20.2 1 0
assessment/infrastructure/persistence/memory_repo.go:23.73,29.2 3 0
assessment/infrastructure/persistence/memory_repo.go:32.84,38.25 4 0
assessment/infrastructure/persistence/memory_repo.go:38.25,40.3 1 0
assessment/infrastructure/persistence/memory_repo.go:43.2,44.37 2 0
assessment/infrastructure/persistence/memory_repo.go:44.37,45.24 1 0
assessment/infrastructure/persistence/memory_repo.go:45.24,55.4 1 0
assessment/infrastructure/persistence/memory_repo.go:58.2,58.20 1 0
assessment/infrastructure/persistence/memory_repo.go:62.76,70.2 4 0
assessment/usecase/product_paginator.go:30.29,33.16 2 0
assessment/usecase/product_paginator.go:33.16,35.3 1 0
assessment/usecase/product_paginator.go:38.2,38.47 1 0
assessment/usecase/product_paginator.go:42.87,46.22 2 0
assessment/usecase/product_paginator.go:46.22,48.3 1 0
assessment/usecase/product_paginator.go:50.2,50.26 1 0
assessment/usecase/product_paginator.go:50.26,52.3 1 0
assessment/usecase/product_paginator.go:55.2,58.49 2 0
assessment/usecase/product_paginator.go:58.49,60.3 1 0
assessment/usecase/product_paginator.go:63.2,67.27 3 0
assessment/usecase/product_paginator.go:67.27,69.3 1 0
assessment/usecase/product_paginator.go:72.2,73.29 2 0
assessment/usecase/product_paginator.go:73.29,75.3 1 0
assessment/usecase/product_paginator.go:75.8,77.3 1 0
assessment/usecase/product_paginator.go:80.2,88.3 1 0
assessment/usecase/product_sorter.go:18.85,23.2 1 0
assessment/usecase/product_sorter.go:26.63,28.2 1 0
assessment/usecase/product_sorter.go:31.60,33.2 1 0
assessment/usecase/product_sorter.go:36.70,38.2 1 0
assessment/usecase/product_sorter.go:41.120,43.13 2 0
assessment/usecase/product_sorter.go:43.13,45.3 1 0
assessment/usecase/product_sorter.go:48.2,48.37 1 0
assessment/usecase/product_sorter.go:48.37,50.3 1 0
assessment/usecase/product_sorter.go:53.2,53.35 1 0
assessment/usecase/product_sorter.go:57.64,61.33 3 0
assessment/usecase/product_sorter.go:61.33,62.40 1 0
assessment/usecase/product_sorter.go:62.40,64.4 1 0
assessment/usecase/product_sorter.go:67.2,67.14 1 0
assessment/usecase/product_sorter.go:71.73,72.22 1 0
assessment/usecase/product_sorter.go:72.22,74.3 1 0
assessment/usecase/product_sorter.go:77.2,77.53 1 0
assessment/usecase/product_sorter.go:77.53,78.29 1 0
assessment/usecase/product_sorter.go:78.29,80.4 1 0
assessment/usecase/product_sorter.go:83.2,83.13 1 0
assessment/adapter/registry/sorter_registry.go:16.42,20.2 1 1
assessment/adapter/registry/sorter_registry.go:23.64,28.2 3 1
assessment/adapter/registry/sorter_registry.go:31.72,37.2 4 1
assessment/adapter/registry/sorter_registry.go:40.59,45.35 4 1
assessment/adapter/registry/sorter_registry.go:45.35,47.3 1 1
assessment/adapter/registry/sorter_registry.go:49.2,49.16 1 1
assessment/adapter/registry/sorter_registry.go:53.61,58.12 4 0
assessment/adapter/registry/sorter_registry.go:58.12,61.3 2 0
assessment/adapter/registry/sorter_registry.go:63.2,63.14 1 0
assessment/adapter/sorter/date_sorter.go:15.48,19.2 1 1
assessment/adapter/sorter/date_sorter.go:22.73,27.41 2 1
assessment/adapter/sorter/date_sorter.go:27.41,28.18 1 1
assessment/adapter/sorter/date_sorter.go:28.18,30.4 1 1
assessment/adapter/sorter/date_sorter.go:31.3,31.52 1 0
assessment/adapter/sorter/date_sorter.go:34.2,34.15 1 1
assessment/adapter/sorter/date_sorter.go:38.36,39.17 1 1
assessment/adapter/sorter/date_sorter.go:39.17,41.3 1 1
assessment/adapter/sorter/date_sorter.go:42.2,42.37 1 1
assessment/adapter/sorter/name_sorter.go:16.48,20.2 1 1
assessment/adapter/sorter/name_sorter.go:23.73,28.41 2 1
assessment/adapter/sorter/name_sorter.go:28.41,29.18 1 1
assessment/adapter/sorter/name_sorter.go:29.18,31.4 1 1
assessment/adapter/sorter/name_sorter.go:32.3,32.75 1 0
assessment/adapter/sorter/name_sorter.go:35.2,35.15 1 1
assessment/adapter/sorter/name_sorter.go:39.36,40.17 1 1
assessment/adapter/sorter/name_sorter.go:40.17,42.3 1 1
assessment/adapter/sorter/name_sorter.go:43.2,43.28 1 1
assessment/adapter/sorter/price_sorter.go:15.50,19.2 1 1
assessment/adapter/sorter/price_sorter.go:22.74,27.41 2 1
assessment/adapter/sorter/price_sorter.go:27.41,28.18 1 1
assessment/adapter/sorter/price_sorter.go:28.18,30.4 1 1
assessment/adapter/sorter/price_sorter.go:31.3,31.43 1 0
assessment/adapter/sorter/price_sorter.go:34.2,34.15 1 1
assessment/adapter/sorter/price_sorter.go:38.37,39.17 1 1
assessment/adapter/sorter/price_sorter.go:39.17,41.3 1 1
assessment/adapter/sorter/price_sorter.go:42.2,42.29 1 1
assessment/adapter/sorter/sales_per_view_sorter.go:15.64,19.2 1 1
assessment/adapter/sorter/sales_per_view_sorter.go:22.81,27.41 2 1
assessment/adapter/sorter/sales_per_view_sorter.go:27.41,32.18 3 1
assessment/adapter/sorter/sales_per_view_sorter.go:32.18,34.4 1 0
assessment/adapter/sorter/sales_per_view_sorter.go:35.3,35.21 1 1
assessment/adapter/sorter/sales_per_view_sorter.go:38.2,38.15 1 1
assessment/adapter/sorter/sales_per_view_sorter.go:42.54,43.23 1 1
assessment/adapter/sorter/sales_per_view_sorter.go:43.23,45.3 1 0
assessment/adapter/sorter/sales_per_view_sorter.go:46.2,46.54 1 1
assessment/adapter/sorter/sales_per_view_sorter.go:50.44,51.17 1 1
assessment/adapter/sorter/sales_per_view_sorter.go:51.17,53.3 1 1
assessment/adapter/sorter/sales_per_view_sorter.go:54.2,54.38 1 1
assessment/adapter/sorter/sorter_initializer.go:9.84,25.2 8 1
assessment/cmd/main.go:15.13,46.35 3 1
assessment/cmd/main.go:46.35,49.17 3 1
assessment/cmd/main.go:49.17,51.12 2 0
assessment/cmd/main.go:54.3,62.39 2 1
assessment/cmd/main.go:66.2,69.44 2 1
assessment/cmd/main.go:69.44,72.3 2 0
assessment/cmd/main.go:75.2,77.47 3 1
assessment/cmd/main.go:77.47,78.54 1 0
assessment/cmd/main.go:78.54,80.4 1 0
assessment/cmd/main.go:80.9,82.4 1 0
assessment/cmd/main.go:83.8,85.3 1 1
assessment/cmd/main.go:88.2,104.59 7 1
assessment/cmd/main.go:104.59,106.3 1 1
assessment/cmd/main.go:107.2,111.16 3 1
assessment/cmd/main.go:111.16,114.3 2 0
assessment/cmd/main.go:117.2,118.16 2 1
assessment/cmd/main.go:118.16,120.3 1 0
assessment/cmd/main.go:120.8,123.3 2 1
assessment/cmd/main.go:126.2,127.16 2 1
assessment/cmd/main.go:127.16,129.3 1 0
assessment/cmd/main.go:129.8,132.3 2 1
assessment/cmd/main.go:135.2,136.16 2 1
assessment/cmd/main.go:136.16,138.3 1 0
assessment/cmd/main.go:138.8,141.3 2 1
assessment/cmd/main.go:144.2,145.16 2 1
assessment/cmd/main.go:145.16,147.3 1 0
assessment/cmd/main.go:147.8,150.3 2 1
assessment/cmd/main.go:153.2,156.16 4 1
assessment/cmd/main.go:156.16,158.3 1 0
assessment/cmd/main.go:158.8,163.30 3 1
assessment/cmd/main.go:163.30,165.4 1 1
assessment/cmd/main.go:165.9,167.4 1 0
assessment/cmd/main.go:169.3,169.30 1 1
assessment/cmd/main.go:169.30,171.4 1 0
assessment/cmd/main.go:171.9,173.4 1 1
assessment/cmd/main.go:178.48,179.29 1 1
assessment/cmd/main.go:179.29,181.3 1 1
assessment/domain/model/product.go:22.51,24.2 1 1
assessment/domain/model/product.go:27.43,29.23 2 1
assessment/domain/model/product.go:29.23,39.3 1 1
assessment/domain/model/product.go:40.2,40.15 1 1
assessment/domain/model/product.go:44.35,46.22 2 1
assessment/domain/model/product.go:46.22,48.3 1 1
assessment/domain/model/product.go:49.2,50.71 1 1
assessment/infrastructure/config/config.go:18.26,23.2 1 1
assessment/infrastructure/config/config.go:26.54,29.16 2 0
assessment/infrastructure/config/config.go:29.16,31.3 1 0
assessment/infrastructure/config/config.go:32.2,36.26 3 0
assessment/infrastructure/config/config.go:40.52,43.16 2 0
assessment/infrastructure/config/config.go:43.16,45.3 1 0
assessment/infrastructure/config/config.go:46.2,51.26 4 0
assessment/infrastructure/persistence/memory_repo.go:16.64,20.2 1 1
assessment/infrastructure/persistence/memory_repo.go:23.73,29.2 3 1
assessment/infrastructure/persistence/memory_repo.go:32.84,38.25 4 0
assessment/infrastructure/persistence/memory_repo.go:38.25,40.3 1 0
assessment/infrastructure/persistence/memory_repo.go:43.2,44.37 2 0
assessment/infrastructure/persistence/memory_repo.go:44.37,45.24 1 0
assessment/infrastructure/persistence/memory_repo.go:45.24,55.4 1 0
assessment/infrastructure/persistence/memory_repo.go:58.2,58.20 1 0
assessment/infrastructure/persistence/memory_repo.go:62.76,70.2 4 1
assessment/usecase/product_paginator.go:30.29,33.16 2 1
assessment/usecase/product_paginator.go:33.16,35.3 1 0
assessment/usecase/product_paginator.go:38.2,38.47 1 1
assessment/usecase/product_paginator.go:42.87,46.22 2 1
assessment/usecase/product_paginator.go:46.22,48.3 1 0
assessment/usecase/product_paginator.go:50.2,50.26 1 1
assessment/usecase/product_paginator.go:50.26,52.3 1 0
assessment/usecase/product_paginator.go:55.2,58.49 2 1
assessment/usecase/product_paginator.go:58.49,60.3 1 0
assessment/usecase/product_paginator.go:63.2,67.27 3 1
assessment/usecase/product_paginator.go:67.27,69.3 1 0
assessment/usecase/product_paginator.go:72.2,73.29 2 1
assessment/usecase/product_paginator.go:73.29,75.3 1 1
assessment/usecase/product_paginator.go:75.8,77.3 1 0
assessment/usecase/product_paginator.go:80.2,88.3 1 1
assessment/usecase/product_sorter.go:18.85,23.2 1 1
assessment/usecase/product_sorter.go:26.63,28.2 1 1
assessment/usecase/product_sorter.go:31.60,33.2 1 0
assessment/usecase/product_sorter.go:36.70,38.2 1 0
assessment/usecase/product_sorter.go:41.120,43.13 2 1
assessment/usecase/product_sorter.go:43.13,45.3 1 0
assessment/usecase/product_sorter.go:48.2,48.37 1 1
assessment/usecase/product_sorter.go:48.37,50.3 1 0
assessment/usecase/product_sorter.go:53.2,53.35 1 1
assessment/usecase/product_sorter.go:57.64,61.33 3 1
assessment/usecase/product_sorter.go:61.33,62.40 1 1
assessment/usecase/product_sorter.go:62.40,64.4 1 1
assessment/usecase/product_sorter.go:67.2,67.14 1 1
assessment/usecase/product_sorter.go:71.73,72.22 1 1
assessment/usecase/product_sorter.go:72.22,74.3 1 0
assessment/usecase/product_sorter.go:77.2,77.53 1 1
assessment/usecase/product_sorter.go:77.53,78.29 1 0
assessment/usecase/product_sorter.go:78.29,80.4 1 0
assessment/usecase/product_sorter.go:83.2,83.13 1 1
assessment/adapter/registry/sorter_registry.go:16.42,20.2 1 1
assessment/adapter/registry/sorter_registry.go:23.64,28.2 3 1
assessment/adapter/registry/sorter_registry.go:31.72,37.2 4 1
assessment/adapter/registry/sorter_registry.go:40.59,45.35 4 1
assessment/adapter/registry/sorter_registry.go:45.35,47.3 1 1
assessment/adapter/registry/sorter_registry.go:49.2,49.16 1 1
assessment/adapter/registry/sorter_registry.go:53.61,58.12 4 0
assessment/adapter/registry/sorter_registry.go:58.12,61.3 2 0
assessment/adapter/registry/sorter_registry.go:63.2,63.14 1 0
assessment/adapter/sorter/date_sorter.go:15.48,19.2 1 1
assessment/adapter/sorter/date_sorter.go:22.73,27.41 2 1
assessment/adapter/sorter/date_sorter.go:27.41,28.18 1 1
assessment/adapter/sorter/date_sorter.go:28.18,30.4 1 1
assessment/adapter/sorter/date_sorter.go:31.3,31.52 1 0
assessment/adapter/sorter/date_sorter.go:34.2,34.15 1 1
assessment/adapter/sorter/date_sorter.go:38.36,39.17 1 1
assessment/adapter/sorter/date_sorter.go:39.17,41.3 1 1
assessment/adapter/sorter/date_sorter.go:42.2,42.37 1 1
assessment/adapter/sorter/name_sorter.go:16.48,20.2 1 1
assessment/adapter/sorter/name_sorter.go:23.73,28.41 2 1
assessment/adapter/sorter/name_sorter.go:28.41,29.18 1 1
assessment/adapter/sorter/name_sorter.go:29.18,31.4 1 1
assessment/adapter/sorter/name_sorter.go:32.3,32.75 1 0
assessment/adapter/sorter/name_sorter.go:35.2,35.15 1 1
assessment/adapter/sorter/name_sorter.go:39.36,40.17 1 1
assessment/adapter/sorter/name_sorter.go:40.17,42.3 1 1
assessment/adapter/sorter/name_sorter.go:43.2,43.28 1 1
assessment/adapter/sorter/price_sorter.go:15.50,19.2 1 1
assessment/adapter/sorter/price_sorter.go:22.74,27.41 2 1
assessment/adapter/sorter/price_sorter.go:27.41,28.18 1 1
assessment/adapter/sorter/price_sorter.go:28.18,30.4 1 1
assessment/adapter/sorter/price_sorter.go:31.3,31.43 1 0
assessment/adapter/sorter/price_sorter.go:34.2,34.15 1 1
assessment/adapter/sorter/price_sorter.go:38.37,39.17 1 1
assessment/adapter/sorter/price_sorter.go:39.17,41.3 1 1
assessment/adapter/sorter/price_sorter.go:42.2,42.29 1 1
assessment/adapter/sorter/sales_per_view_sorter.go:15.64,19.2 1 1
assessment/adapter/sorter/sales_per_view_sorter.go:22.81,27.41 2 1
assessment/adapter/sorter/sales_per_view_sorter.go:27.41,32.18 3 1
assessment/adapter/sorter/sales_per_view_sorter.go:32.18,34.4 1 0
assessment/adapter/sorter/sales_per_view_sorter.go:35.3,35.21 1 1
assessment/adapter/sorter/sales_per_view_sorter.go:38.2,38.15 1 1
assessment/adapter/sorter/sales_per_view_sorter.go:42.54,43.23 1 1
assessment/adapter/sorter/sales_per_view_sorter.go:43.23,45.3 1 0
assessment/adapter/sorter/sales_per_view_sorter.go:46.2,46.54 1 1
assessment/adapter/sorter/sales_per_view_sorter.go:50.44,51.17 1 1
assessment/adapter/sorter/sales_per_view_sorter.go:51.17,53.3 1 1
assessment/adapter/sorter/sales_per_view_sorter.go:54.2,54.38 1 1
assessment/adapter/sorter/sorter_initializer.go:9.84,25.2 8 1
assessment/domain/model/product.go:22.51,24.2 1 0
assessment/domain/model/product.go:27.43,29.23 2 1
assessment/domain/model/product.go:29.23,39.3 1 1
assessment/domain/model/product.go:40.2,40.15 1 1
assessment/domain/model/product.go:44.35,46.22 2 0
assessment/domain/model/product.go:46.22,48.3 1 0
assessment/domain/model/product.go:49.2,50.71 1 0
assessment/infrastructure/config/config.go:18.26,23.2 1 1
assessment/infrastructure/config/config.go:26.54,29.16 2 0
assessment/infrastructure/config/config.go:29.16,31.3 1 0
assessment/infrastructure/config/config.go:32.2,36.26 3 0
assessment/infrastructure/config/config.go:40.52,43.16 2 0
assessment/infrastructure/config/config.go:43.16,45.3 1 0
assessment/infrastructure/config/config.go:46.2,51.26 4 0
assessment/infrastructure/persistence/memory_repo.go:16.64,20.2 1 1
assessment/infrastructure/persistence/memory_repo.go:23.73,29.2 3 1
assessment/infrastructure/persistence/memory_repo.go:32.84,38.25 4 0
assessment/infrastructure/persistence/memory_repo.go:38.25,40.3 1 0
assessment/infrastructure/persistence/memory_repo.go:43.2,44.37 2 0
assessment/infrastructure/persistence/memory_repo.go:44.37,45.24 1 0
assessment/infrastructure/persistence/memory_repo.go:45.24,55.4 1 0
assessment/infrastructure/persistence/memory_repo.go:58.2,58.20 1 0
assessment/infrastructure/persistence/memory_repo.go:62.76,70.2 4 1
assessment/usecase/product_paginator.go:30.29,33.16 2 1
assessment/usecase/product_paginator.go:33.16,35.3 1 0
assessment/usecase/product_paginator.go:38.2,38.47 1 1
assessment/usecase/product_paginator.go:42.87,46.22 2 1
assessment/usecase/product_paginator.go:46.22,48.3 1 0
assessment/usecase/product_paginator.go:50.2,50.26 1 1
assessment/usecase/product_paginator.go:50.26,52.3 1 0
assessment/usecase/product_paginator.go:55.2,58.49 2 1
assessment/usecase/product_paginator.go:58.49,60.3 1 0
assessment/usecase/product_paginator.go:63.2,67.27 3 1
assessment/usecase/product_paginator.go:67.27,69.3 1 1
assessment/usecase/product_paginator.go:72.2,73.29 2 1
assessment/usecase/product_paginator.go:73.29,75.3 1 1
assessment/usecase/product_paginator.go:75.8,77.3 1 0
assessment/usecase/product_paginator.go:80.2,88.3 1 1
assessment/usecase/product_sorter.go:18.85,23.2 1 1
assessment/usecase/product_sorter.go:26.63,28.2 1 1
assessment/usecase/product_sorter.go:31.60,33.2 1 0
assessment/usecase/product_sorter.go:36.70,38.2 1 0
assessment/usecase/product_sorter.go:41.120,43.13 2 1
assessment/usecase/product_sorter.go:43.13,45.3 1 0
assessment/usecase/product_sorter.go:48.2,48.37 1 1
assessment/usecase/product_sorter.go:48.37,50.3 1 1
assessment/usecase/product_sorter.go:53.2,53.35 1 1
assessment/usecase/product_sorter.go:57.64,61.33 3 1
assessment/usecase/product_sorter.go:61.33,62.40 1 1
assessment/usecase/product_sorter.go:62.40,64.4 1 1
assessment/usecase/product_sorter.go:67.2,67.14 1 1
assessment/usecase/product_sorter.go:71.73,72.22 1 1
assessment/usecase/product_sorter.go:72.22,74.3 1 0
assessment/usecase/product_sorter.go:77.2,77.53 1 1
assessment/usecase/product_sorter.go:77.53,78.29 1 1
assessment/usecase/product_sorter.go:78.29,80.4 1 1
assessment/usecase/product_sorter.go:83.2,83.13 1 1
assessment/adapter/registry/sorter_registry.go:16.42,20.2 1 1
assessment/adapter/registry/sorter_registry.go:23.64,28.2 3 1
assessment/adapter/registry/sorter_registry.go:31.72,37.2 4 1
assessment/adapter/registry/sorter_registry.go:40.59,45.35 4 1
assessment/adapter/registry/sorter_registry.go:45.35,47.3 1 1
assessment/adapter/registry/sorter_registry.go:49.2,49.16 1 1
assessment/adapter/registry/sorter_registry.go:53.61,58.12 4 1
assessment/adapter/registry/sorter_registry.go:58.12,61.3 2 1
assessment/adapter/registry/sorter_registry.go:63.2,63.14 1 1
assessment/domain/model/product.go:22.51,24.2 1 0
assessment/domain/model/product.go:27.43,29.23 2 0
assessment/domain/model/product.go:29.23,39.3 1 0
assessment/domain/model/product.go:40.2,40.15 1 0
assessment/domain/model/product.go:44.35,46.22 2 0
assessment/domain/model/product.go:46.22,48.3 1 0
assessment/domain/model/product.go:49.2,50.71 1 0
assessment/adapter/sorter/date_sorter.go:15.48,19.2 1 1
assessment/adapter/sorter/date_sorter.go:22.73,27.41 2 1
assessment/adapter/sorter/date_sorter.go:27.41,28.18 1 1
assessment/adapter/sorter/date_sorter.go:28.18,30.4 1 1
assessment/adapter/sorter/date_sorter.go:31.3,31.52 1 1
assessment/adapter/sorter/date_sorter.go:34.2,34.15 1 1
assessment/adapter/sorter/date_sorter.go:38.36,39.17 1 1
assessment/adapter/sorter/date_sorter.go:39.17,41.3 1 1
assessment/adapter/sorter/date_sorter.go:42.2,42.37 1 1
assessment/adapter/sorter/name_sorter.go:16.48,20.2 1 1
assessment/adapter/sorter/name_sorter.go:23.73,28.41 2 1
assessment/adapter/sorter/name_sorter.go:28.41,29.18 1 1
assessment/adapter/sorter/name_sorter.go:29.18,31.4 1 1
assessment/adapter/sorter/name_sorter.go:32.3,32.75 1 1
assessment/adapter/sorter/name_sorter.go:35.2,35.15 1 1
assessment/adapter/sorter/name_sorter.go:39.36,40.17 1 1
assessment/adapter/sorter/name_sorter.go:40.17,42.3 1 1
assessment/adapter/sorter/name_sorter.go:43.2,43.28 1 1
assessment/adapter/sorter/price_sorter.go:15.50,19.2 1 1
assessment/adapter/sorter/price_sorter.go:22.74,27.41 2 1
assessment/adapter/sorter/price_sorter.go:27.41,28.18 1 1
assessment/adapter/sorter/price_sorter.go:28.18,30.4 1 1
assessment/adapter/sorter/price_sorter.go:31.3,31.43 1 1
assessment/adapter/sorter/price_sorter.go:34.2,34.15 1 1
assessment/adapter/sorter/price_sorter.go:38.37,39.17 1 1
assessment/adapter/sorter/price_sorter.go:39.17,41.3 1 1
assessment/adapter/sorter/price_sorter.go:42.2,42.29 1 1
assessment/adapter/sorter/sales_per_view_sorter.go:15.64,19.2 1 1
assessment/adapter/sorter/sales_per_view_sorter.go:22.81,27.41 2 1
assessment/adapter/sorter/sales_per_view_sorter.go:27.41,32.18 3 1
assessment/adapter/sorter/sales_per_view_sorter.go:32.18,34.4 1 1
assessment/adapter/sorter/sales_per_view_sorter.go:35.3,35.21 1 1
assessment/adapter/sorter/sales_per_view_sorter.go:38.2,38.15 1 1
assessment/adapter/sorter/sales_per_view_sorter.go:42.54,43.23 1 1
assessment/adapter/sorter/sales_per_view_sorter.go:43.23,45.3 1 1
assessment/adapter/sorter/sales_per_view_sorter.go:46.2,46.54 1 1
assessment/adapter/sorter/sales_per_view_sorter.go:50.44,51.17 1 1
assessment/adapter/sorter/sales_per_view_sorter.go:51.17,53.3 1 1
assessment/adapter/sorter/sales_per_view_sorter.go:54.2,54.38 1 1
assessment/adapter/sorter/sorter_initializer.go:9.84,25.2 8 0
assessment/domain/model/product.go:22.51,24.2 1 0
assessment/domain/model/product.go:27.43,29.23 2 1
assessment/domain/model/product.go:29.23,39.3 1 1
assessment/domain/model/product.go:40.2,40.15 1 1
assessment/domain/model/product.go:44.35,46.22 2 0
assessment/domain/model/product.go:46.22,48.3 1 0
assessment/domain/model/product.go:49.2,50.71 1 0
assessment/infrastructure/config/config.go:18.26,23.2 1 0
assessment/infrastructure/config/config.go:26.54,29.16 2 0
assessment/infrastructure/config/config.go:29.16,31.3 1 0
assessment/infrastructure/config/config.go:32.2,36.26 3 0
assessment/infrastructure/config/config.go:40.52,43.16 2 0
assessment/infrastructure/config/config.go:43.16,45.3 1 0
assessment/infrastructure/config/config.go:46.2,51.26 4 0
assessment/infrastructure/config/config.go:18.26,23.2 1 1
assessment/infrastructure/config/config.go:26.54,29.16 2 1
assessment/infrastructure/config/config.go:29.16,31.3 1 1
assessment/infrastructure/config/config.go:32.2,36.26 3 1
assessment/infrastructure/config/config.go:40.52,43.16 2 1
assessment/infrastructure/config/config.go:43.16,45.3 1 1
assessment/infrastructure/config/config.go:46.2,51.26 4 1
assessment/domain/model/product.go:22.51,24.2 1 1
assessment/domain/model/product.go:27.43,29.23 2 1
assessment/domain/model/product.go:29.23,39.3 1 1
assessment/domain/model/product.go:40.2,40.15 1 1
assessment/domain/model/product.go:44.35,46.22 2 1
assessment/domain/model/product.go:46.22,48.3 1 1
assessment/domain/model/product.go:49.2,50.71 1 1
assessment/adapter/registry/sorter_registry.go:16.42,20.2 1 1
assessment/adapter/registry/sorter_registry.go:23.64,28.2 3 1
assessment/adapter/registry/sorter_registry.go:31.72,37.2 4 1
assessment/adapter/registry/sorter_registry.go:40.59,45.35 4 0
assessment/adapter/registry/sorter_registry.go:45.35,47.3 1 0
assessment/adapter/registry/sorter_registry.go:49.2,49.16 1 0
assessment/adapter/registry/sorter_registry.go:53.61,58.12 4 0
assessment/adapter/registry/sorter_registry.go:58.12,61.3 2 0
assessment/adapter/registry/sorter_registry.go:63.2,63.14 1 0
assessment/adapter/sorter/date_sorter.go:15.48,19.2 1 1
assessment/adapter/sorter/date_sorter.go:22.73,27.41 2 0
assessment/adapter/sorter/date_sorter.go:27.41,28.18 1 0
assessment/adapter/sorter/date_sorter.go:28.18,30.4 1 0
assessment/adapter/sorter/date_sorter.go:31.3,31.52 1 0
assessment/adapter/sorter/date_sorter.go:34.2,34.15 1 0
assessment/adapter/sorter/date_sorter.go:38.36,39.17 1 1
assessment/adapter/sorter/date_sorter.go:39.17,41.3 1 1
assessment/adapter/sorter/date_sorter.go:42.2,42.37 1 1
assessment/adapter/sorter/name_sorter.go:16.48,20.2 1 1
assessment/adapter/sorter/name_sorter.go:23.73,28.41 2 0
assessment/adapter/sorter/name_sorter.go:28.41,29.18 1 0
assessment/adapter/sorter/name_sorter.go:29.18,31.4 1 0
assessment/adapter/sorter/name_sorter.go:32.3,32.75 1 0
assessment/adapter/sorter/name_sorter.go:35.2,35.15 1 0
assessment/adapter/sorter/name_sorter.go:39.36,40.17 1 1
assessment/adapter/sorter/name_sorter.go:40.17,42.3 1 1
assessment/adapter/sorter/name_sorter.go:43.2,43.28 1 1
assessment/adapter/sorter/price_sorter.go:15.50,19.2 1 1
assessment/adapter/sorter/price_sorter.go:22.74,27.41 2 1
assessment/adapter/sorter/price_sorter.go:27.41,28.18 1 1
assessment/adapter/sorter/price_sorter.go:28.18,30.4 1 1
assessment/adapter/sorter/price_sorter.go:31.3,31.43 1 0
assessment/adapter/sorter/price_sorter.go:34.2,34.15 1 1
assessment/adapter/sorter/price_sorter.go:38.37,39.17 1 1
assessment/adapter/sorter/price_sorter.go:39.17,41.3 1 1
assessment/adapter/sorter/price_sorter.go:42.2,42.29 1 1
assessment/adapter/sorter/sales_per_view_sorter.go:15.64,19.2 1 1
assessment/adapter/sorter/sales_per_view_sorter.go:22.81,27.41 2 0
assessment/adapter/sorter/sales_per_view_sorter.go:27.41,32.18 3 0
assessment/adapter/sorter/sales_per_view_sorter.go:32.18,34.4 1 0
assessment/adapter/sorter/sales_per_view_sorter.go:35.3,35.21 1 0
assessment/adapter/sorter/sales_per_view_sorter.go:38.2,38.15 1 0
assessment/adapter/sorter/sales_per_view_sorter.go:42.54,43.23 1 0
assessment/adapter/sorter/sales_per_view_sorter.go:43.23,45.3 1 0
assessment/adapter/sorter/sales_per_view_sorter.go:46.2,46.54 1 0
assessment/adapter/sorter/sales_per_view_sorter.go:50.44,51.17 1 1
assessment/adapter/sorter/sales_per_view_sorter.go:51.17,53.3 1 1
assessment/adapter/sorter/sales_per_view_sorter.go:54.2,54.38 1 1
assessment/adapter/sorter/sorter_initializer.go:9.84,25.2 8 1
assessment/domain/model/product.go:22.51,24.2 1 0
assessment/domain/model/product.go:27.43,29.23 2 1
assessment/domain/model/product.go:29.23,39.3 1 1
assessment/domain/model/product.go:40.2,40.15 1 1
assessment/domain/model/product.go:44.35,46.22 2 1
assessment/domain/model/product.go:46.22,48.3 1 1
assessment/domain/model/product.go:49.2,50.71 1 1
assessment/infrastructure/config/config.go:18.26,23.2 1 1
assessment/infrastructure/config/config.go:26.54,29.16 2 0
assessment/infrastructure/config/config.go:29.16,31.3 1 0
assessment/infrastructure/config/config.go:32.2,36.26 3 0
assessment/infrastructure/config/config.go:40.52,43.16 2 0
assessment/infrastructure/config/config.go:43.16,45.3 1 0
assessment/infrastructure/config/config.go:46.2,51.26 4 0
assessment/infrastructure/persistence/memory_repo.go:16.64,20.2 1 1
assessment/infrastructure/persistence/memory_repo.go:23.73,29.2 3 1
assessment/infrastructure/persistence/memory_repo.go:32.84,38.25 4 0
assessment/infrastructure/persistence/memory_repo.go:38.25,40.3 1 0
assessment/infrastructure/persistence/memory_repo.go:43.2,44.37 2 0
assessment/infrastructure/persistence/memory_repo.go:44.37,45.24 1 0
assessment/infrastructure/persistence/memory_repo.go:45.24,55.4 1 0
assessment/infrastructure/persistence/memory_repo.go:58.2,58.20 1 0
assessment/infrastructure/persistence/memory_repo.go:62.76,70.2 4 1
assessment/usecase/product_paginator.go:30.29,33.16 2 1
assessment/usecase/product_paginator.go:33.16,35.3 1 0
assessment/usecase/product_paginator.go:38.2,38.47 1 1
assessment/usecase/product_paginator.go:42.87,46.22 2 1
assessment/usecase/product_paginator.go:46.22,48.3 1 0
assessment/usecase/product_paginator.go:50.2,50.26 1 1
assessment/usecase/product_paginator.go:50.26,52.3 1 0
assessment/usecase/product_paginator.go:55.2,58.49 2 1
assessment/usecase/product_paginator.go:58.49,60.3 1 0
assessment/usecase/product_paginator.go:63.2,67.27 3 1
assessment/usecase/product_paginator.go:67.27,69.3 1 0
assessment/usecase/product_paginator.go:72.2,73.29 2 1
assessment/usecase/product_paginator.go:73.29,75.3 1 1
assessment/usecase/product_paginator.go:75.8,77.3 1 0
assessment/usecase/product_paginator.go:80.2,88.3 1 1
assessment/usecase/product_sorter.go:18.85,23.2 1 1
assessment/usecase/product_sorter.go:26.63,28.2 1 1
assessment/usecase/product_sorter.go:31.60,33.2 1 0
assessment/usecase/product_sorter.go:36.70,38.2 1 0
assessment/usecase/product_sorter.go:41.120,43.13 2 1
assessment/usecase/product_sorter.go:43.13,45.3 1 0
assessment/usecase/product_sorter.go:48.2,48.37 1 1
assessment/usecase/product_sorter.go:48.37,50.3 1 0
assessment/usecase/product_sorter.go:53.2,53.35 1 1
assessment/usecase/product_sorter.go:57.64,61.33 3 0
assessment/usecase/product_sorter.go:61.33,62.40 1 0
assessment/usecase/product_sorter.go:62.40,64.4 1 0
assessment/usecase/product_sorter.go:67.2,67.14 1 0
assessment/usecase/product_sorter.go:71.73,72.22 1 1
assessment/usecase/product_sorter.go:72.22,74.3 1 0
assessment/usecase/product_sorter.go:77.2,77.53 1 1
assessment/usecase/product_sorter.go:77.53,78.29 1 1
assessment/usecase/product_sorter.go:78.29,80.4 1 0
assessment/usecase/product_sorter.go:83.2,83.13 1 1
assessment/domain/model/product.go:22.51,24.2 1 0
assessment/domain/model/product.go:27.43,29.23 2 1
assessment/domain/model/product.go:29.23,39.3 1 1
assessment/domain/model/product.go:40.2,40.15 1 1
assessment/domain/model/product.go:44.35,46.22 2 0
assessment/domain/model/product.go:46.22,48.3 1 0
assessment/domain/model/product.go:49.2,50.71 1 0
assessment/infrastructure/persistence/memory_repo.go:16.64,20.2 1 1
assessment/infrastructure/persistence/memory_repo.go:23.73,29.2 3 1
assessment/infrastructure/persistence/memory_repo.go:32.84,38.25 4 1
assessment/infrastructure/persistence/memory_repo.go:38.25,40.3 1 1
assessment/infrastructure/persistence/memory_repo.go:43.2,44.37 2 1
assessment/infrastructure/persistence/memory_repo.go:44.37,45.24 1 1
assessment/infrastructure/persistence/memory_repo.go:45.24,55.4 1 1
assessment/infrastructure/persistence/memory_repo.go:58.2,58.20 1 1
assessment/infrastructure/persistence/memory_repo.go:62.76,70.2 4 1
assessment/adapter/registry/sorter_registry.go:16.42,20.2 1 1
assessment/adapter/registry/sorter_registry.go:23.64,28.2 3 1
assessment/adapter/registry/sorter_registry.go:31.72,37.2 4 1
assessment/adapter/registry/sorter_registry.go:40.59,45.35 4 1
assessment/adapter/registry/sorter_registry.go:45.35,47.3 1 1
assessment/adapter/registry/sorter_registry.go:49.2,49.16 1 1
assessment/adapter/registry/sorter_registry.go:53.61,58.12 4 0
assessment/adapter/registry/sorter_registry.go:58.12,61.3 2 0
assessment/adapter/registry/sorter_registry.go:63.2,63.14 1 0
assessment/domain/model/product.go:22.51,24.2 1 0
assessment/domain/model/product.go:27.43,29.23 2 1
assessment/domain/model/product.go:29.23,39.3 1 1
assessment/domain/model/product.go:40.2,40.15 1 1
assessment/domain/model/product.go:44.35,46.22 2 0
assessment/domain/model/product.go:46.22,48.3 1 0
assessment/domain/model/product.go:49.2,50.71 1 0
assessment/infrastructure/config/config.go:18.26,23.2 1 1
assessment/infrastructure/config/config.go:26.54,29.16 2 0
assessment/infrastructure/config/config.go:29.16,31.3 1 0
assessment/infrastructure/config/config.go:32.2,36.26 3 0
assessment/infrastructure/config/config.go:40.52,43.16 2 0
assessment/infrastructure/config/config.go:43.16,45.3 1 0
assessment/infrastructure/config/config.go:46.2,51.26 4 0
assessment/usecase/product_paginator.go:30.29,33.16 2 1
assessment/usecase/product_paginator.go:33.16,35.3 1 1
assessment/usecase/product_paginator.go:38.2,38.47 1 1
assessment/usecase/product_paginator.go:42.87,46.22 2 1
assessment/usecase/product_paginator.go:46.22,48.3 1 1
assessment/usecase/product_paginator.go:50.2,50.26 1 1
assessment/usecase/product_paginator.go:50.26,52.3 1 1
assessment/usecase/product_paginator.go:55.2,58.49 2 1
assessment/usecase/product_paginator.go:58.49,60.3 1 1
assessment/usecase/product_paginator.go:63.2,67.27 3 1
assessment/usecase/product_paginator.go:67.27,69.3 1 1
assessment/usecase/product_paginator.go:72.2,73.29 2 1
assessment/usecase/product_paginator.go:73.29,75.3 1 1
assessment/usecase/product_paginator.go:75.8,77.3 1 1
assessment/usecase/product_paginator.go:80.2,88.3 1 1
assessment/usecase/product_sorter.go:18.85,23.2 1 1
assessment/usecase/product_sorter.go:26.63,28.2 1 1
assessment/usecase/product_sorter.go:31.60,33.2 1 1
assessment/usecase/product_sorter.go:36.70,38.2 1 1
assessment/usecase/product_sorter.go:41.120,43.13 2 1
assessment/usecase/product_sorter.go:43.13,45.3 1 1
assessment/usecase/product_sorter.go:48.2,48.37 1 1
assessment/usecase/product_sorter.go:48.37,50.3 1 1
assessment/usecase/product_sorter.go:53.2,53.35 1 1
assessment/usecase/product_sorter.go:57.64,61.33 3 1
assessment/usecase/product_sorter.go:61.33,62.40 1 1
assessment/usecase/product_sorter.go:62.40,64.4 1 1
assessment/usecase/product_sorter.go:67.2,67.14 1 1
assessment/usecase/product_sorter.go:71.73,72.22 1 1
assessment/usecase/product_sorter.go:72.22,74.3 1 0
assessment/usecase/product_sorter.go:77.2,77.53 1 1
assessment/usecase/product_sorter.go:77.53,78.29 1 1
assessment/usecase/product_sorter.go:78.29,80.4 1 1
assessment/usecase/product_sorter.go:83.2,83.13 1 1
